[    0.000000] Linux version 4.15.0-88-generic (buildd@lgw01-amd64-036) (gcc version 7.4.0 (Ubuntu 7.4.0-1ubuntu1~18.04.1)) #88-Ubuntu SMP Tue Feb 11 20:11:34 UTC 2020 (Ubuntu 4.15.0-88.88-generic 4.15.18)
[    0.000000] Command line: BOOT_IMAGE=/boot/vmlinuz-4.15.0-88-generic root=UUID=22d612d6-934b-4d55-995d-16aeb1bc5d8a ro console=tty1 console=ttyS0
[    0.000000] KERNEL supported cpus:
[    0.000000]   Intel GenuineIntel
[    0.000000]   AMD AuthenticAMD
[    0.000000]   Centaur CentaurHauls
[    0.000000] x86/fpu: Supporting XSAVE feature 0x001: 'x87 floating point registers'
[    0.000000] x86/fpu: Supporting XSAVE feature 0x002: 'SSE registers'
[    0.000000] x86/fpu: Supporting XSAVE feature 0x004: 'AVX registers'
[    0.000000] x86/fpu: xstate_offset[2]:  576, xstate_sizes[2]:  256
[    0.000000] x86/fpu: Enabled xstate features 0x7, context size is 832 bytes, using 'standard' format.
[    0.000000] e820: BIOS-provided physical RAM map:
[    0.000000] BIOS-e820: [mem 0x0000000000000000-0x000000000009fbff] usable
[    0.000000] BIOS-e820: [mem 0x000000000009fc00-0x000000000009ffff] reserved
[    0.000000] BIOS-e820: [mem 0x00000000000f0000-0x00000000000fffff] reserved
[    0.000000] BIOS-e820: [mem 0x0000000000100000-0x000000003ffeffff] usable
[    0.000000] BIOS-e820: [mem 0x000000003fff0000-0x000000003fffffff] ACPI data
[    0.000000] BIOS-e820: [mem 0x00000000fec00000-0x00000000fec00fff] reserved
[    0.000000] BIOS-e820: [mem 0x00000000fee00000-0x00000000fee00fff] reserved
[    0.000000] BIOS-e820: [mem 0x00000000fffc0000-0x00000000ffffffff] reserved
[    0.000000] NX (Execute Disable) protection: active
[    0.000000] SMBIOS 2.5 present.
[    0.000000] DMI: innotek GmbH VirtualBox/VirtualBox, BIOS VirtualBox 12/01/2006
[    0.000000] Hypervisor detected: KVM
[    0.000000] e820: last_pfn = 0x3fff0 max_arch_pfn = 0x400000000
[    0.000000] MTRR: Disabled
[    0.000000] x86/PAT: MTRRs disabled, skipping PAT initialization too.
[    0.000000] CPU MTRRs all blank - virtualized system.
[    0.000000] x86/PAT: Configuration [0-7]: WB  WT  UC- UC  WB  WT  UC- UC  
[    0.000000] found SMP MP-table at [mem 0x0009fff0-0x0009ffff]
[    0.000000] Scanning 1 areas for low memory corruption
[    0.000000] RAMDISK: [mem 0x35965000-0x36ca9fff]
[    0.000000] ACPI: Early table checksum verification disabled
[    0.000000] ACPI: RSDP 0x00000000000E0000 000024 (v02 VBOX  )
[    0.000000] ACPI: XSDT 0x000000003FFF0030 00003C (v01 VBOX   VBOXXSDT 00000001 ASL  00000061)
[    0.000000] ACPI: FACP 0x000000003FFF00F0 0000F4 (v04 VBOX   VBOXFACP 00000001 ASL  00000061)
[    0.000000] ACPI: DSDT 0x000000003FFF0470 0022EA (v02 VBOX   VBOXBIOS 00000002 INTL 20100528)
[    0.000000] ACPI: FACS 0x000000003FFF0200 000040
[    0.000000] ACPI: FACS 0x000000003FFF0200 000040
[    0.000000] ACPI: APIC 0x000000003FFF0240 00005C (v02 VBOX   VBOXAPIC 00000001 ASL  00000061)
[    0.000000] ACPI: SSDT 0x000000003FFF02A0 0001CC (v01 VBOX   VBOXCPUT 00000002 INTL 20100528)
[    0.000000] No NUMA configuration found
[    0.000000] Faking a node at [mem 0x0000000000000000-0x000000003ffeffff]
[    0.000000] NODE_DATA(0) allocated [mem 0x3ffc5000-0x3ffeffff]
[    0.000000] kvm-clock: cpu 0, msr 0:3ff44001, primary cpu clock
[    0.000000] kvm-clock: Using msrs 4b564d01 and 4b564d00
[    0.000000] kvm-clock: using sched offset of 4255741030 cycles
[    0.000000] clocksource: kvm-clock: mask: 0xffffffffffffffff max_cycles: 0x1cd42e4dffb, max_idle_ns: 881590591483 ns
[    0.000000] Zone ranges:
[    0.000000]   DMA      [mem 0x0000000000001000-0x0000000000ffffff]
[    0.000000]   DMA32    [mem 0x0000000001000000-0x000000003ffeffff]
[    0.000000]   Normal   empty
[    0.000000]   Device   empty
[    0.000000] Movable zone start for each node
[    0.000000] Early memory node ranges
[    0.000000]   node   0: [mem 0x0000000000001000-0x000000000009efff]
[    0.000000]   node   0: [mem 0x0000000000100000-0x000000003ffeffff]
[    0.000000] Reserved but unavailable: 98 pages
[    0.000000] Initmem setup node 0 [mem 0x0000000000001000-0x000000003ffeffff]
[    0.000000] ACPI: PM-Timer IO Port: 0x4008
[    0.000000] IOAPIC[0]: apic_id 2, version 32, address 0xfec00000, GSI 0-23
[    0.000000] ACPI: INT_SRC_OVR (bus 0 bus_irq 0 global_irq 2 dfl dfl)
[    0.000000] ACPI: INT_SRC_OVR (bus 0 bus_irq 9 global_irq 9 low level)
[    0.000000] Using ACPI (MADT) for SMP configuration information
[    0.000000] smpboot: Allowing 2 CPUs, 0 hotplug CPUs
[    0.000000] PM: Registered nosave memory: [mem 0x00000000-0x00000fff]
[    0.000000] PM: Registered nosave memory: [mem 0x0009f000-0x0009ffff]
[    0.000000] PM: Registered nosave memory: [mem 0x000a0000-0x000effff]
[    0.000000] PM: Registered nosave memory: [mem 0x000f0000-0x000fffff]
[    0.000000] e820: [mem 0x40000000-0xfebfffff] available for PCI devices
[    0.000000] Booting paravirtualized kernel on KVM
[    0.000000] clocksource: refined-jiffies: mask: 0xffffffff max_cycles: 0xffffffff, max_idle_ns: 7645519600211568 ns
[    0.000000] random: get_random_bytes called from start_kernel+0x99/0x4fd with crng_init=0
[    0.000000] setup_percpu: NR_CPUS:8192 nr_cpumask_bits:2 nr_cpu_ids:2 nr_node_ids:1
[    0.000000] percpu: Embedded 45 pages/cpu s147456 r8192 d28672 u1048576
[    0.000000] PV qspinlock hash table entries: 256 (order: 0, 4096 bytes)
[    0.000000] Built 1 zonelists, mobility grouping on.  Total pages: 257913
[    0.000000] Policy zone: DMA32
[    0.000000] Kernel command line: BOOT_IMAGE=/boot/vmlinuz-4.15.0-88-generic root=UUID=22d612d6-934b-4d55-995d-16aeb1bc5d8a ro console=tty1 console=ttyS0
[    0.000000] Memory: 982540K/1048120K available (12300K kernel code, 2481K rwdata, 4264K rodata, 2428K init, 2712K bss, 65580K reserved, 0K cma-reserved)
[    0.000000] SLUB: HWalign=64, Order=0-3, MinObjects=0, CPUs=2, Nodes=1
[    0.000000] Kernel/User page tables isolation: enabled
[    0.000000] ftrace: allocating 39344 entries in 154 pages
[    0.004000] Hierarchical RCU implementation.
[    0.004000] 	RCU restricting CPUs from NR_CPUS=8192 to nr_cpu_ids=2.
[    0.004000] 	Tasks RCU enabled.
[    0.004000] RCU: Adjusting geometry for rcu_fanout_leaf=16, nr_cpu_ids=2
[    0.004000] NR_IRQS: 524544, nr_irqs: 440, preallocated irqs: 16
[    0.004000] Console: colour VGA+ 80x25
[    0.004000] console [tty1] enabled
[    0.004000] console [ttyS0] enabled
[    0.004000] ACPI: Core revision 20170831
[    0.004000] ACPI: 2 ACPI AML tables successfully acquired and loaded
[    0.004000] APIC: Switch to symmetric I/O mode setup
[    0.004395] x2apic enabled
[    0.006186] Switched APIC routing to physical x2apic.
[    0.010124] ..TIMER: vector=0x30 apic1=0 pin1=2 apic2=-1 pin2=-1
[    0.012009] tsc: Detected 1607.999 MHz processor
[    0.016021] Calibrating delay loop (skipped) preset value.. 3215.99 BogoMIPS (lpj=6431996)
[    0.020010] pid_max: default: 32768 minimum: 301
[    0.022140] Security Framework initialized
[    0.023314] Yama: becoming mindful.
[    0.024031] AppArmor: AppArmor initialized
[    0.028069] Dentry cache hash table entries: 131072 (order: 8, 1048576 bytes)
[    0.030879] Inode-cache hash table entries: 65536 (order: 7, 524288 bytes)
[    0.032030] Mount-cache hash table entries: 2048 (order: 2, 16384 bytes)
[    0.036017] Mountpoint-cache hash table entries: 2048 (order: 2, 16384 bytes)
[    0.040533] Last level iTLB entries: 4KB 64, 2MB 8, 4MB 8
[    0.042402] Last level dTLB entries: 4KB 64, 2MB 0, 4MB 0, 1GB 4
[    0.044005] Spectre V1 : Mitigation: usercopy/swapgs barriers and __user pointer sanitization
[    0.048008] Spectre V2 : Mitigation: Full generic retpoline
[    0.049710] Spectre V2 : Spectre v2 / SpectreRSB mitigation: Filling RSB on context switch
[    0.052010] Speculative Store Bypass: Vulnerable
[    0.056216] MDS: Mitigation: Clear CPU buffers
[    0.057986] Freeing SMP alternatives memory: 36K
[    0.172000] smpboot: CPU0: Intel(R) Core(TM) i5-8210Y CPU @ 1.60GHz (family: 0x6, model: 0x8e, stepping: 0x9)
[    0.176408] Performance Events: unsupported p6 CPU model 142 no PMU driver, software events only.
[    0.180094] Hierarchical SRCU implementation.
[    0.189191] NMI watchdog: Perf event create on CPU 0 failed with -2
[    0.191841] NMI watchdog: Perf NMI watchdog permanently disabled
[    0.192230] smp: Bringing up secondary CPUs ...
[    0.196200] x86: Booting SMP configuration:
[    0.200009] .... node  #0, CPUs:      #1
[    0.004000] kvm-clock: cpu 1, msr 0:3ff44041, secondary cpu clock
[    0.212045] smp: Brought up 1 node, 2 CPUs
[    0.213569] smpboot: Max logical packages: 1
[    0.214726] smpboot: Total of 2 processors activated (6431.99 BogoMIPS)
[    0.216142] devtmpfs: initialized
[    0.217518] x86/mm: Memory block size: 128MB
[    0.218679] evm: security.selinux
[    0.220007] evm: security.SMACK64
[    0.221067] evm: security.SMACK64EXEC
[    0.222028] evm: security.SMACK64TRANSMUTE
[    0.224009] evm: security.SMACK64MMAP
[    0.225071] evm: security.apparmor
[    0.226194] evm: security.ima
[    0.227299] evm: security.capability
[    0.228154] clocksource: jiffies: mask: 0xffffffff max_cycles: 0xffffffff, max_idle_ns: 7645041785100000 ns
[    0.232025] futex hash table entries: 512 (order: 3, 32768 bytes)
[    0.235420] pinctrl core: initialized pinctrl subsystem
[    0.236123] RTC time:  3:50:28, date: 03/02/20
[    0.240217] NET: Registered protocol family 16
[    0.241534] audit: initializing netlink subsys (disabled)
[    0.243038] audit: type=2000 audit(1583121034.311:1): state=initialized audit_enabled=0 res=1
[    0.244024] cpuidle: using governor ladder
[    0.245706] cpuidle: using governor menu
[    0.248076] ACPI: bus type PCI registered
[    0.250600] acpiphp: ACPI Hot Plug PCI Controller Driver version: 0.5
[    0.252135] PCI: Using configuration type 1 for base access
[    0.256726] HugeTLB registered 2.00 MiB page size, pre-allocated 0 pages
[    0.258139] ACPI: Added _OSI(Module Device)
[    0.260006] ACPI: Added _OSI(Processor Device)
[    0.261493] ACPI: Added _OSI(3.0 _SCP Extensions)
[    0.264010] ACPI: Added _OSI(Processor Aggregator Device)
[    0.265159] ACPI: Added _OSI(Linux-Dell-Video)
[    0.266147] ACPI: Added _OSI(Linux-Lenovo-NV-HDMI-Audio)
[    0.267235] ACPI: Added _OSI(Linux-HPI-Hybrid-Graphics)
[    0.268548] ACPI: Executed 1 blocks of module-level executable AML code
[    0.274831] ACPI: Interpreter enabled
[    0.276019] ACPI: (supports S0 S5)
[    0.276846] ACPI: Using IOAPIC for interrupt routing
[    0.280254] PCI: Using host bridge windows from ACPI; if necessary, use "pci=nocrs" and report a bug
[    0.283181] ACPI: Enabled 2 GPEs in block 00 to 07
[    0.292711] ACPI: PCI Root Bridge [PCI0] (domain 0000 [bus 00-ff])
[    0.295575] acpi PNP0A03:00: _OSC: OS supports [ASPM ClockPM Segments MSI]
[    0.296518] acpi PNP0A03:00: _OSC: not requesting OS control; OS requires [ExtendedConfig ASPM ClockPM MSI]
[    0.300021] acpi PNP0A03:00: fail to add MMCONFIG information, can't access extended PCI configuration space under this bridge.
[    0.304595] PCI host bridge to bus 0000:00
[    0.306413] pci_bus 0000:00: root bus resource [io  0x0000-0x0cf7 window]
[    0.308011] pci_bus 0000:00: root bus resource [io  0x0d00-0xffff window]
[    0.312082] pci_bus 0000:00: root bus resource [mem 0x000a0000-0x000bffff window]
[    0.314706] pci_bus 0000:00: root bus resource [mem 0x40000000-0xfdffffff window]
[    0.316005] pci_bus 0000:00: root bus resource [bus 00-ff]
[    0.324166] pci 0000:00:01.1: legacy IDE quirk: reg 0x10: [io  0x01f0-0x01f7]
[    0.328010] pci 0000:00:01.1: legacy IDE quirk: reg 0x14: [io  0x03f6]
[    0.330058] pci 0000:00:01.1: legacy IDE quirk: reg 0x18: [io  0x0170-0x0177]
[    0.332006] pci 0000:00:01.1: legacy IDE quirk: reg 0x1c: [io  0x0376]
[    0.358353] pci 0000:00:07.0: quirk: [io  0x4000-0x403f] claimed by PIIX4 ACPI
[    0.360034] pci 0000:00:07.0: quirk: [io  0x4100-0x410f] claimed by PIIX4 SMB
[    0.383294] ACPI: PCI Interrupt Link [LNKA] (IRQs 5 9 10 *11)
[    0.384898] ACPI: PCI Interrupt Link [LNKB] (IRQs 5 9 *10 11)
[    0.387298] ACPI: PCI Interrupt Link [LNKC] (IRQs 5 *9 10 11)
[    0.392648] ACPI: PCI Interrupt Link [LNKD] (IRQs 5 9 10 *11)
[    0.396554] SCSI subsystem initialized
[    0.400179] pci 0000:00:02.0: vgaarb: setting as boot VGA device
[    0.403535] pci 0000:00:02.0: vgaarb: VGA device added: decodes=io+mem,owns=io+mem,locks=none
[    0.404009] pci 0000:00:02.0: vgaarb: bridge control possible
[    0.408008] vgaarb: loaded
[    0.409236] ACPI: bus type USB registered
[    0.412025] usbcore: registered new interface driver usbfs
[    0.416036] usbcore: registered new interface driver hub
[    0.418309] usbcore: registered new device driver usb
[    0.420096] EDAC MC: Ver: 3.0.0
[    0.424187] PCI: Using ACPI for IRQ routing
[    0.428696] NetLabel: Initializing
[    0.432008] NetLabel:  domain hash size = 128
[    0.436005] NetLabel:  protocols = UNLABELED CIPSOv4 CALIPSO
[    0.440037] NetLabel:  unlabeled traffic allowed by default
[    0.444237] clocksource: Switched to clocksource kvm-clock
[    0.469037] VFS: Disk quotas dquot_6.6.0
[    0.475875] VFS: Dquot-cache hash table entries: 512 (order 0, 4096 bytes)
[    0.479252] AppArmor: AppArmor Filesystem Enabled
[    0.486904] pnp: PnP ACPI init
[    0.489175] pnp: PnP ACPI: found 3 devices
[    0.503960] clocksource: acpi_pm: mask: 0xffffff max_cycles: 0xffffff, max_idle_ns: 2085701024 ns
[    0.507800] NET: Registered protocol family 2
[    0.512272] TCP established hash table entries: 8192 (order: 4, 65536 bytes)
[    0.516050] TCP bind hash table entries: 8192 (order: 5, 131072 bytes)
[    0.527167] TCP: Hash tables configured (established 8192 bind 8192)
[    0.532283] UDP hash table entries: 512 (order: 2, 16384 bytes)
[    0.536653] UDP-Lite hash table entries: 512 (order: 2, 16384 bytes)
[    0.539391] NET: Registered protocol family 1
[    0.544824] pci 0000:00:00.0: Limiting direct PCI/PCI transfers
[    0.547351] pci 0000:00:01.0: Activating ISA DMA hang workarounds
[    0.549772] pci 0000:00:02.0: Video device with shadowed ROM at [mem 0x000c0000-0x000dffff]
[    0.551791] Unpacking initramfs...
[    0.906303] Freeing initrd memory: 19732K
[    0.907808] clocksource: tsc: mask: 0xffffffffffffffff max_cycles: 0x172da94f0e2, max_idle_ns: 440795278248 ns
[    0.911525] platform rtc_cmos: registered platform RTC device (no PNP device found)
[    0.913900] Scanning for low memory corruption every 60 seconds
[    0.916333] Initialise system trusted keyrings
[    0.917565] Key type blacklist registered
[    0.919699] workingset: timestamp_bits=36 max_order=18 bucket_order=0
[    0.922515] zbud: loaded
[    0.924024] squashfs: version 4.0 (2009/01/31) Phillip Lougher
[    0.925641] fuse init (API version 7.26)
[    0.929978] Key type asymmetric registered
[    0.930902] Asymmetric key parser 'x509' registered
[    0.932684] Block layer SCSI generic (bsg) driver version 0.4 loaded (major 246)
[    0.935907] io scheduler noop registered
[    0.937137] io scheduler deadline registered
[    0.938342] io scheduler cfq registered (default)
[    0.940526] ACPI: AC Adapter [AC] (on-line)
[    0.942978] input: Power Button as /devices/LNXSYSTM:00/LNXPWRBN:00/input/input0
[    0.945537] ACPI: Power Button [PWRF]
[    0.948226] input: Sleep Button as /devices/LNXSYSTM:00/LNXSLPBN:00/input/input1
[    0.952159] ACPI: Sleep Button [SLPF]
[    0.955464] ACPI: Battery Slot [BAT0] (battery present)
[    0.956250] Serial: 8250/16550 driver, 32 ports, IRQ sharing enabled
[    0.980257] 00:02: ttyS0 at I/O 0x3f8 (irq = 4, base_baud = 115200) is a 16550A
[    0.985186] Linux agpgart interface v0.103
[    0.990473] loop: module loaded
[    0.992816] scsi host0: ata_piix
[    0.993956] scsi host1: ata_piix
[    0.994861] ata1: PATA max UDMA/33 cmd 0x1f0 ctl 0x3f6 bmdma 0xd000 irq 14
[    0.996643] ata2: PATA max UDMA/33 cmd 0x170 ctl 0x376 bmdma 0xd008 irq 15
[    0.999409] libphy: Fixed MDIO Bus: probed
[    1.000388] tun: Universal TUN/TAP device driver, 1.6
[    1.002275] PPP generic driver version 2.4.2
[    1.003689] ehci_hcd: USB 2.0 'Enhanced' Host Controller (EHCI) Driver
[    1.005869] ehci-pci: EHCI PCI platform driver
[    1.006897] ehci-platform: EHCI generic platform driver
[    1.007991] ohci_hcd: USB 1.1 'Open' Host Controller (OHCI) Driver
[    1.009500] ohci-pci: OHCI PCI platform driver
[    1.010850] ohci-platform: OHCI generic platform driver
[    1.011952] uhci_hcd: USB Universal Host Controller Interface driver
[    1.014353] i8042: PNP: PS/2 Controller [PNP0303:PS2K,PNP0f03:PS2M] at 0x60,0x64 irq 1,12
[    1.017277] serio: i8042 KBD port at 0x60,0x64 irq 1
[    1.019977] serio: i8042 AUX port at 0x60,0x64 irq 12
[    1.022032] mousedev: PS/2 mouse device common for all mice
[    1.023696] input: AT Translated Set 2 keyboard as /devices/platform/i8042/serio0/input/input2
[    1.026011] rtc_cmos rtc_cmos: rtc core: registered rtc_cmos as rtc0
[    1.027678] rtc_cmos rtc_cmos: alarms up to one day, 114 bytes nvram
[    1.030225] i2c /dev entries driver
[    1.031077] device-mapper: uevent: version 1.0.3
[    1.032296] device-mapper: ioctl: 4.37.0-ioctl (2017-09-20) initialised: dm-devel@redhat.com
[    1.034794] ledtrig-cpu: registered to indicate activity on CPUs
[    1.037964] NET: Registered protocol family 10
[    1.044158] Segment Routing with IPv6
[    1.045853] NET: Registered protocol family 17
[    1.047027] Key type dns_resolver registered
[    1.049666] mce: Using 0 MCE banks
[    1.050728] RAS: Correctable Errors collector initialized.
[    1.053021] sched_clock: Marking stable (1052817050, 0)->(1352226460, -299409410)
[    1.055776] registered taskstats version 1
[    1.056900] Loading compiled-in X.509 certificates
[    1.061565] Loaded X.509 cert 'Build time autogenerated kernel key: f0020782f0d3a548186fb3f47aed88387a71e859'
[    1.064201] zswap: loaded using pool lzo/zbud
[    1.071504] Key type big_key registered
[    1.072604] Key type trusted registered
[    1.077546] Key type encrypted registered
[    1.079018] AppArmor: AppArmor sha1 policy hashing enabled
[    1.081383] ima: No TPM chip found, activating TPM-bypass! (rc=-19)
[    1.083536] ima: Allocated hash algorithm: sha1
[    1.087889] evm: HMAC attrs: 0x1
[    1.089760]   Magic number: 12:233:815
[    1.090959] rtc_cmos rtc_cmos: setting system clock to 2020-03-02 03:50:29 UTC (1583121029)
[    1.094469] BIOS EDD facility v0.16 2004-Jun-25, 0 devices found
[    1.097180] EDD information not available.
[    1.160245] Freeing unused kernel image memory: 2428K
[    1.184629] Write protecting the kernel read-only data: 20480k
[    1.189287] Freeing unused kernel image memory: 2008K
[    1.191387] Freeing unused kernel image memory: 1880K
[    1.242892] x86/mm: Checked W+X mappings: passed, no W+X pages found.
[    1.247006] x86/mm: Checking user space page tables
[    1.276762] x86/mm: Checked W+X mappings: passed, no W+X pages found.
Loading, please wait...
starting version 237
[    1.455296] e1000: Intel(R) PRO/1000 Network Driver - version 7.3.21-k8-NAPI
[    1.458847] e1000: Copyright (c) 1999-2006 Intel Corporation.
[    1.462224] Fusion MPT base driver 3.04.20
[    1.464352] Copyright (c) 1999-2008 LSI Corporation
[    1.477325] Fusion MPT SPI Host driver 3.04.20
[    1.492359] AVX2 version of gcm_enc/dec engaged.
[    1.494144] AES CTR mode by8 optimization enabled
[    1.697524] input: ImExPS/2 Generic Explorer Mouse as /devices/platform/i8042/serio1/input/input4
[    1.930380] e1000 0000:00:03.0 eth0: (PCI:33MHz:32-bit) 02:6f:f9:1e:39:dc
[    1.936038] e1000 0000:00:03.0 eth0: Intel(R) PRO/1000 Network Connection
[    1.940086] mptbase: ioc0: Initiating bringup
[    2.437924] ioc0: LSI53C1030 A0: Capabilities={Initiator}
[    3.468137] scsi host2: ioc0: LSI53C1030 A0, FwRev=00000000h, Ports=1, MaxQ=256, IRQ=20
[    4.065614] scsi 2:0:0:0: Direct-Access     VBOX     HARDDISK         1.0  PQ: 0 ANSI: 5
[    4.213073] scsi target2:0:0: Beginning Domain Validation
[    4.218836] scsi target2:0:0: Domain Validation skipping write tests
[    4.221414] scsi target2:0:0: Ending Domain Validation
[    4.224436] scsi target2:0:0: asynchronous
[    4.227449] scsi 2:0:1:0: Direct-Access     VBOX     HARDDISK         1.0  PQ: 0 ANSI: 5
[    4.488219] scsi target2:0:1: Beginning Domain Validation
[    4.491583] random: fast init done
[    4.497902] scsi target2:0:1: Domain Validation skipping write tests
[    4.500472] scsi target2:0:1: Ending Domain Validation
[    4.501764] scsi target2:0:1: asynchronous
[    4.509762] sd 2:0:0:0: Attached scsi generic sg0 type 0
[    4.511624] sd 2:0:1:0: Attached scsi generic sg1 type 0
[    4.512166] random: systemd-udevd: uninitialized urandom read (16 bytes read)
[    4.524305] sd 2:0:0:0: [sda] 20971520 512-byte logical blocks: (10.7 GB/10.0 GiB)
[    4.526676] sd 2:0:0:0: [sda] Write Protect is off
[    4.528438] sd 2:0:0:0: [sda] Incomplete mode parameter data
[    4.529406] random: systemd-udevd: uninitialized urandom read (16 bytes read)
[    4.535502] sd 2:0:0:0: [sda] Assuming drive cache: write through
[    4.539896] sd 2:0:1:0: [sdb] 20480 512-byte logical blocks: (10.5 MB/10.0 MiB)
[    4.543419] random: systemd-udevd: uninitialized urandom read (16 bytes read)
[    4.543639] sd 2:0:1:0: [sdb] Write Protect is off
[    4.556407]  sda: sda1
[    4.558476] sd 2:0:0:0: [sda] Attached SCSI disk
[    4.561170] sd 2:0:1:0: [sdb] Incomplete mode parameter data
[    4.563394] sd 2:0:1:0: [sdb] Assuming drive cache: write through
[    4.570878] sd 2:0:1:0: [sdb] Attached SCSI disk
[    4.663771] e1000 0000:00:08.0 eth1: (PCI:33MHz:32-bit) 08:00:27:ed:62:23
[    4.666586] e1000 0000:00:08.0 eth1: Intel(R) PRO/1000 Network Connection
[    4.672165] e1000 0000:00:08.0 enp0s8: renamed from eth1
[    4.689392] e1000 0000:00:03.0 enp0s3: renamed from eth0
Begin: Loading essential drivers ... [    6.292184] raid6: sse2x1   gen()  9441 MB/s
[    6.340575] raid6: sse2x1   xor()  7569 MB/s
[    6.388662] raid6: sse2x2   gen() 13078 MB/s
[    6.436559] raid6: sse2x2   xor()  7259 MB/s
[    6.484019] raid6: sse2x4   gen() 10997 MB/s
[    6.532313] raid6: sse2x4   xor()  8060 MB/s
[    6.580228] raid6: avx2x1   gen() 21181 MB/s
[    6.628926] raid6: avx2x1   xor() 15089 MB/s
[    6.676244] raid6: avx2x2   gen() 24519 MB/s
[    6.724088] raid6: avx2x2   xor() 16142 MB/s
[    6.772074] raid6: avx2x4   gen() 26785 MB/s
[    6.820276] raid6: avx2x4   xor() 16596 MB/s
[    6.821968] raid6: using algorithm avx2x4 gen() 26785 MB/s
[    6.824032] raid6: .... xor() 16596 MB/s, rmw enabled
[    6.825087] raid6: using avx2x2 recovery algorithm
[    6.828589] xor: automatically using best checksumming function   avx       
[    6.832529] async_tx: api initialized (async)
done.
Begin: Running /scripts/init-premount ... done.
Begin: Mounting root file system ... Begin: Running /scripts/local-top ... done.
Begin: Running /scripts/local-premount ... [    6.883214] Btrfs loaded, crc32c=crc32c-intel
Scanning for Btrfs filesystems
done.
Warning: fsck not present, so skipping root file system
[    6.923860] EXT4-fs (sda1): mounted filesystem with ordered data mode. Opts: (null)
done.
Begin: Running /scripts/local-bottom ... done.
Begin: Running /scripts/init-bottom ... done.
[    7.215738] ip_tables: (C) 2000-2006 Netfilter Core Team
[    7.235854] systemd[1]: systemd 237 running in system mode. (+PAM +AUDIT +SELINUX +IMA +APPARMOR +SMACK +SYSVINIT +UTMP +LIBCRYPTSETUP +GCRYPT +GNUTLS +ACL +XZ +LZ4 +SECCOMP +BLKID +ELFUTILS +KMOD -IDN2 +IDN -PCRE2 default-hierarchy=hybrid)
[    7.240905] systemd[1]: Detected virtualization oracle.
[    7.242003] systemd[1]: Detected architecture x86-64.

Welcome to [1mUbuntu 18.04.3 LTS[0m!

[    7.261141] systemd[1]: Set hostname to <ubuntu-bionic>.
[    7.705076] systemd[1]: Reached target Swap.
[[0;32m  OK  [0m] Reached target Swap.
[    7.706930] systemd[1]: Reached target User and Group Name Lookups.
[[0;32m  OK  [0m] Reached target User and Group Name Lookups.
[    7.724125] systemd[1]: Created slice User and Session Slice.
[[0;32m  OK  [0m] Created slice User and Session Slice.
[    7.737382] systemd[1]: Set up automount Arbitrary Executable File Formats File System Automount Point.
[[0;32m  OK  [0m] Set up automount Arbitrary Executab…rmats File System Automount Point.
[    7.741695] systemd[1]: Reached target System Time Synchronized.
[[0;32m  OK  [0m] Reached target System Time Synchronized.
[    7.757661] systemd[1]: Created slice System Slice.
[[0;32m  OK  [0m] Created slice System Slice.
[[0;32m  OK  [0m] Listening on /dev/initctl Compatibility Named Pipe.
[[0;32m  OK  [0m] Listening on LVM2 poll daemon socket.
[[0;32m  OK  [0m] Listening on Journal Socket.
         Starting Uncomplicated firewall...
[[0;32m  OK  [0m] Created slice system-serial\x2dgetty.slice.
         Starting Load Kernel Modules...
[[0;32m  OK  [0m] Listening on Network Service Netlink Socket.
         Starting Remount Root and Kernel File Systems...
[[0;32m  OK  [0m] Listening on udev Control Socket.
[[0;32m  OK  [0m] Started Forward [    7.852226] Loading iSCSI transport class v2.0-870.
Password Requests to Wall Directory Watch.
[[0;32m  OK  [0m] Listening on Journal Socket (/dev/log).
         Starting Set the console keyboard layout...
         Starting Create list of required st…ce nodes for the current kernel...
[    7.867790] iscsi: registered transport (tcp)
[[0;32m  OK  [0m] Listening on udev Kernel Socket.
         Mounting Huge Pages File System...
[[0;32m  OK  [0m] Reached target Slices.
[[0;32m  OK  [0m] Listening on Device-mapper event daemon FIFOs.
[[0;32m  OK  [0m] Listening on Syslog Socket.
[[0;32m  OK  [0m] Listening on Journal Audit Socket.
         Starting Journal Service...
         Mounting Kernel Debug File System...
         Mounting POSIX Message Queue File System...
[[0;32m  OK  [0m] Listening on LVM2 metadata daemon socket.
         Starting Monitoring of LVM2 mirrors…ng dmeventd or progress polling...
         Starting udev Coldplug all Devices...
[[0;32m  OK  [0m] Started Uncomplicated firewall.
[[0;32m  OK  [0m] Started Create list of required sta…vice nodes for the current kernel.
         Starting Create Static Device Nodes in /dev...
[[0;32m  OK  [0m] Mounted Huge Pages File System.
[[0;32m  OK  [0m] Mounted Kernel Debug File System.
[[0;32m  OK  [0m] Mounted POSIX Message Queue File System.
[[0;32m  OK  [0m] Started Journal Service.
[[0;32m  OK  [0m] Started LVM2 metadata daemon.
[[0;32m  OK  [0m] Started udev Coldplug all Devices.
[[0;32m  OK  [0m] Started Create Static Device Nodes in /dev.
[    8.049212] EXT4-fs (sda1): re-mounted. Opts: (null)
[[0;32m  OK  [0m] Started Remount Root and Kernel File Systems.
[    8.059287] iscsi: registered transport (iser)
         Starting udev Kernel Device Manager...
         Starting Flush Journal to Persistent Storage...
         Starting Load/Save Random Seed...
[[0;32m  OK  [0m] Started Load Kernel Modules.
         Mounting FUSE Control File System...
         Mounting Kernel Configuration File System...
         Starting Apply Kernel Variables...
[[0;32m  OK  [0m] Mounted FUSE Control File System.
[[0;32m  OK  [0m] Mounted Kernel Configuration File System.
[    8.133462] systemd-journald[401]: Received request to flush runtime journal from PID 1
[[0;32m  OK  [0m] Started udev Kernel Device Manager.
[[0;32m  OK  [0m] Started Load/Save Random Seed.
[[0;32m  OK  [0m] Started Monitoring of LVM2 mirrors,…sing dmeventd or progress polling.
[[0;32m  OK  [0m] Started Apply Kernel Variables.
[[0;32m  OK  [0m] Started Set the console keyboard layout.
[[0;32m  OK  [0m] Started Dispatch Password Requests to Console Directory Watch.
[[0;32m  OK  [0m] Reached target Local Encrypted Volumes.
[[0;32m  OK  [0m] Reached target Local File Systems (Pre).
[[0;32m  OK  [0m] Reached target Local File Systems.
         Starting ebtables ruleset management...
         Starting Set console font and keymap...
         Starting AppArmor initialization...
         Starting Tell Plymouth To Write Out Runtime Data...
[[0;32m  OK  [0m] Started Flush Journal to Persistent Storage.
[[0;32m  OK  [0m] Started Set console font and keymap.
         Starting Create Volatile Files and Directories...
[[0;32m  OK  [0m] Started Tell Plymouth To Write Out Runtime Data.
[[0;32m  OK  [0m] Started Create Volatile Files and Directories.
         Starting Update UTMP about System Boot/Shutdown...
[[0;32m  OK  [0m] Started Update UTMP about System Boot/Shutdown.
[[0;32m  OK  [0m] Started ebtables ruleset management.
[[0;32m  OK  [0m] Found device /dev/ttyS0.
[[0;32m  OK  [0m] Listening on Load/Save RF Kill Switch Status /dev/rfkill Watch.
[[0;32m  OK  [0m] Started AppArmor initialization.
         Starting Initial cloud-init job (pre-networking)...
[   10.985435] cloud-init[536]: Cloud-init v. 19.3-41-gc4735dd3-0ubuntu1~18.04.1 running 'init-local' at Mon, 02 Mar 2020 03:50:39 +0000. Up 10.62 seconds.
[[0;32m  OK  [0m] Started Initial cloud-init job (pre-networking).
[[0;32m  OK  [0m] Reached target Network (Pre).
         Starting Network Service...
[[0;32m  OK  [0m] Started Network Service.
         Starting Wait for Network to be Configured...
         Starting Network Name Resolution...
[[0;32m  OK  [0m] Started Network Name Resolution.
[[0;32m  OK  [0m] Reached target Host and Network Name Lookups.
[[0;32m  OK  [0m] Reached target Network.
[[0;32m  OK  [0m] Started Wait for Network to be Configured.
         Starting Initial cloud-init job (metadata service crawler)...
[   14.479873] cloud-init[696]: Cloud-init v. 19.3-41-gc4735dd3-0ubuntu1~18.04.1 running 'init' at Mon, 02 Mar 2020 03:50:42 +0000. Up 14.05 seconds.
[   14.492503] cloud-init[696]: ci-info: ++++++++++++++++++++++++++++++++++++++Net device info+++++++++++++++++++++++++++++++++++++++
[   14.495624] cloud-init[696]: ci-info: +--------+------+-----------------------------+---------------+--------+-------------------+
[   14.503102] cloud-init[696]: ci-info: | Device |  Up  |           Address           |      Mask     | Scope  |     Hw-Address    |
[   14.506179] cloud-init[696]: ci-info: +--------+------+-----------------------------+---------------+--------+-------------------+
[   14.510478] cloud-init[696]: ci-info: | enp0s3 | True |          10.0.2.15          | 255.255.255.0 | global | 02:6f:f9:1e:39:dc |
[   14.513784] cloud-init[696]: ci-info: | enp0s3 | True |  fe80::6f:f9ff:fe1e:39dc/64 |       .       |  link  | 02:6f:f9:1e:39:dc |
[   14.516367] cloud-init[696]: ci-info: | enp0s8 | True |        192.168.33.10        | 255.255.255.0 | global | 08:00:27:ed:62:23 |
[   14.519873] cloud-init[696]: ci-info: | enp0s8 | True | fe80::a00:27ff:feed:6223/64 |       .       |  link  | 08:00:27:ed:62:23 |
[   14.523174] cloud-init[696]: ci-info: |   lo   | True |          127.0.0.1          |   255.0.0.0   |  host  |         .         |
[   14.526613] cloud-init[696]: ci-info: |   lo   | True |           ::1/128           |       .       |  host  |         .         |
[   14.529652] cloud-init[696]: ci-info: +--------+------+-----------------------------+---------------+--------+-------------------+
[   14.535038] cloud-init[696]: ci-info: +++++++++++++++++++++++++++++Route IPv4 info+++++++++++++++++++++++++++++
[   14.537640] cloud-init[696]: ci-info: +-------+--------------+----------+-----------------+-----------+-------+
[   14.540647] cloud-init[696]: ci-info: | Route | Destination  | Gateway  |     Genmask     | Interface | Flags |
[   14.543746] cloud-init[696]: ci-info: +-------+--------------+----------+-----------------+-----------+-------+
[   14.548506] cloud-init[696]: ci-info: |   0   |   0.0.0.0    | 10.0.2.2 |     0.0.0.0     |   enp0s3  |   UG  |
[   14.551186] cloud-init[696]: ci-info: |   1   |   10.0.2.0   | 0.0.0.0  |  255.255.255.0  |   enp0s3  |   U   |
[   14.554077] cloud-init[696]: ci-info: |   2   |   10.0.2.2   | 0.0.0.0  | 255.255.255.255 |   enp0s3  |   UH  |
[   14.556725] cloud-init[696]: ci-info: |   3   | 192.168.33.0 | 0.0.0.0  |  255.255.255.0  |   enp0s8  |   U   |
[   14.559379] cloud-init[696]: ci-info: +-------+--------------+----------+-----------------+-----------+-------+
[   14.562763] cloud-init[696]: ci-info: +++++++++++++++++++Route IPv6 info+++++++++++++++++++
[   14.580410] cloud-init[696]: ci-info: +-------+-------------+---------+-----------+-------+
[   14.582188] cloud-init[696]: ci-info: | Route | Destination | Gateway | Interface | Flags |
[   14.584748] cloud-init[696]: ci-info: +-------+-------------+---------+-----------+-------+
[   14.586749] cloud-init[696]: ci-info: |   1   |  fe80::/64  |    ::   |   enp0s8  |   U   |
[   14.589345] cloud-init[696]: ci-info: |   2   |  fe80::/64  |    ::   |   enp0s3  |   U   |
[   14.591834] cloud-init[696]: ci-info: |   4   |    local    |    ::   |   enp0s3  |   U   |
[   14.594047] cloud-init[696]: ci-info: |   5   |    local    |    ::   |   enp0s8  |   U   |
[   14.596219] cloud-init[696]: ci-info: |   6   |   ff00::/8  |    ::   |   enp0s8  |   U   |
[   14.598150] cloud-init[696]: ci-info: |   7   |   ff00::/8  |    ::   |   enp0s3  |   U   |
[   14.600238] cloud-init[696]: ci-info: +-------+-------------+---------+-----------+-------+
[[0;32m  OK  [0m] Started Initial cloud-init job (metadata service crawler).
[[0;32m  OK  [0m] Reached target System Initialization.
[[0;32m  OK  [0m] Listening on UUID daemon activation socket.
[[0;32m  OK  [0m] Started ACPI Events Check.
[[0;32m  OK  [0m] Reached target Paths.
         Starting LXD - unix socket.
         Starting Socket activation for snappy daemon.
[[0;32m  OK  [0m] Listening on ACPID Listen Socket.
[[0;32m  OK  [0m] Started Daily Cleanup of Temporary Directories.
[[0;32m  OK  [0m] Started Daily apt download activities.
[[0;32m  OK  [0m] Started Daily apt upgrade and clean activities.
[[0;32m  OK  [0m] Listening on Open-iSCSI iscsid Socket.
[[0;32m  OK  [0m] Started Discard unused blocks once a week.
[[0;32m  OK  [0m] Listening on D-Bus System Message Bus Socket.
[[0;32m  OK  [0m] Started Message of the Day.
[[0;32m  OK  [0m] Reached target Timers.
[[0;32m  OK  [0m] Reached target Network is Online.
[[0;32m  OK  [0m] Reached target Remote File Systems (Pre).
[[0;32m  OK  [0m] Reached target Remote File Systems.
         Starting Availability of block devices...
[[0;32m  OK  [0m] Reached target Cloud-config availability.
[[0;32m  OK  [0m] Listening on LXD - unix socket.
[[0;32m  OK  [0m] Listening on Socket activation for snappy daemon.
[[0;32m  OK  [0m] Reached target Sockets.
[[0;32m  OK  [0m] Reached target Basic System.
[[0;32m  OK  [0m] Started D-Bus System Message Bus.
[[0;32m  OK  [0m] Started FUSE filesystem for LXC.
         Starting OpenBSD Secure Shell server...
         Starting Dispatcher daemon for systemd-networkd...
         Starting Login Service...
[[0;32m  OK  [0m] Started irqbalance daemon.
         Starting LSB: Record successful boot for GRUB...
         Starting vboxadd.service...
[[0;32m  OK  [0m] Started Deferred execution scheduler.
         Starting System Logging Service...
[[0;32m  OK  [0m] Started Regular background program processing daemon.
         Starting Snappy daemon...
         Starting Accounts Service...
         Starting LSB: automatic crash report generation...
         Starting Permit User Sessions...
         Starting LXD - container startup/shutdown...
[[0;32m  OK  [0m] Started System Logging Service.
[[0;32m  OK  [0m] Started Availability of block devices.
[[0;32m  OK  [0m] Started Login Service.
[[0;32m  OK  [0m] Started Unattended Upgrades Shutdown.
[[0;32m  OK  [0m] Started Permit User Sessions.
         Starting Hold until boot process finishes up...
         Starting Terminate Plymouth Boot Screen...
[[0;32m  OK  [0m] Started Hold until boot process finishes up.
         Starting Set console scheme...
[[0;32m  OK  [0m] Started Serial Getty on ttyS0.
[[0;32m  OK  [0m] Started OpenBSD Secure Shell server.
[[0;32m  OK  [0m] Started Terminate Plymouth Boot Screen.
[[0;32m  OK  [0m] Started Set console scheme.
[[0;32m  OK  [0m] Created slice system-getty.slice.
[[0;32m  OK  [0m] Started Getty on tty1.
[[0;32m  OK  [0m] Reached target Login Prompts.
         Starting Authorization Manager...
[[0;32m  OK  [0m] Started LSB: Record successful boot for GRUB.
[[0;32m  OK  [0m] Started LSB: automatic crash report generation.
[[0;32m  OK  [0m] Started Authorization Manager.
[[0;32m  OK  [0m] Started Accounts Service.
[[0;32m  OK  [0m] Created slice User Slice of vagrant.
         Starting User Manager for UID 1000...
[[0;32m  OK  [0m] Started Session 1 of user vagrant.
[[0;32m  OK  [0m] Started Dispatcher daemon for systemd-networkd.
[[0;32m  OK  [0m] Started LXD - container startup/shutdown.
[[0;32m  OK  [0m] Started Snappy daemon.
         Starting Wait until snapd is fully seeded...
[[0;32m  OK  [0m] Started User Manager for UID 1000.
[[0;32m  OK  [0m] Started Wait until snapd is fully seeded.
         Starting Apply the settings specified in cloud-config...
[   17.495907] cloud-init[1036]: Cloud-init v. 19.3-41-gc4735dd3-0ubuntu1~18.04.1 running 'modules:config' at Mon, 02 Mar 2020 03:50:45 +0000. Up 17.28 seconds.
[[0;32m  OK  [0m] Started Apply the settings specified in cloud-config.
[[0;32m  OK  [0m] Started vboxadd.service.
         Starting vboxadd-service.service...
[[0;32m  OK  [0m] Started vboxadd-service.service.
[[0;32m  OK  [0m] Reached target Multi-User System.
         Starting Execute cloud user/final scripts...
[[0;32m  OK  [0m] Reached target Graphical Interface.
         Starting Update UTMP about System Runlevel Changes...
[[0;32m  OK  [0m] Started Update UTMP about System Runlevel Changes.
[   19.152863] cloud-init[1216]: Cloud-init v. 19.3-41-gc4735dd3-0ubuntu1~18.04.1 running 'modules:final' at Mon, 02 Mar 2020 03:50:47 +0000. Up 19.01 seconds.
[   19.157222] cloud-init[1216]: Cloud-init v. 19.3-41-gc4735dd3-0ubuntu1~18.04.1 finished at Mon, 02 Mar 2020 03:50:47 +0000. Datasource DataSourceNoCloud [seed=/dev/sdb][dsmode=net].  Up 19.14 seconds
[[0;32m  OK  [0m] Started Execute cloud user/final scripts.
[[0;32m  OK  [0m] Reached target Cloud-init target.

Ubuntu 18.04.3 LTS ubuntu-bionic ttyS0

ubuntu-bionic login: 